Arguments: 
  C:\Program Files\nodejs\node.exe C:\Program Files (x86)\Yarn\bin\yarn.js

PATH: 
  C:\Program Files\PowerShell\7;C:\Program Files (x86)\oh-my-posh\bin\;D:\Technology\Tools\Java\bin;C:\Python311\Scripts\;C:\Python311\;C:\Python312\Scripts\;C:\Python312\;C:\Program Files (x86)\Razer Chroma SDK\bin;C:\Program Files\Razer Chroma SDK\bin;C:\Program Files (x86)\Razer\ChromaBroadcast\bin;C:\Program Files\Razer\ChromaBroadcast\bin;C:\Program Files\NVIDIA GPU Computing Toolkit\CUDA\v11.5\bin;C:\Program Files\NVIDIA GPU Computing Toolkit\CUDA\v11.5\libnvvp;C:\Program Files\NVIDIA GPU Computing Toolkit\CUDA\v10.2\bin;C:\Program Files\NVIDIA GPU Computing Toolkit\CUDA\v10.2\libnvvp;C:\WINDOWS\system32;C:\WINDOWS;C:\WINDOWS\System32\Wbem;C:\WINDOWS\System32\WindowsPowerShell\v1.0\;C:\WINDOWS\System32\OpenSSH\;C:\Program Files (x86)\Yarn\bin\;C:\Program Files\PostgreSQL\13\bin;C:\Program Files\Microsoft SQL Server\130\Tools\Binn\;C:\MinGW\bin;C:\Users\kangc\AppData\Local\Microsoft\WindowsApps\Microsoft.WindowsTerminal_8wekyb3d8bbwe;C:\Program Files\Google\Cloud SDK\google-cloud-sdk\bin;C:\Program Files (x86)\Google\Cloud SDK\google-cloud-sdk\bin;C:\Program Files\PuTTY\;C:\Program Files (x86)\NVIDIA Corporation\PhysX\Common;C:\Program Files\NVIDIA GPU Computing Toolkit\CUDA\v11.5\bin\cudart64_110.dll;C:\Users\kangc\Downloads\zlib123dllx64.zip\dll_x64\zlibwapi.dll;C:\Users\kangc\AppData\Roaming\nvm;C:\Program Files\nodejs;C:\WINDOWS\system32;C:\WINDOWS;C:\WINDOWS\System32\Wbem;C:\WINDOWS\System32\WindowsPowerShell\v1.0\;C:\WINDOWS\System32\OpenSSH\;C:\WINDOWS\system32\config\systemprofile\AppData\Local\Microsoft\WindowsApps;C:\ProgramData\chocolatey\bin;C:\Program Files\Go\bin;C:\Program Files\Git\cmd;c:\Users\kangc\AppData\Local\Programs\cursor\resources\app\bin;D:\Technology\Tools\Java\bin;C:\Program Files\RedHat\Podman\;C:\Program Files\WireSock VPN Client\bin\;c:\Users\jason\AppData\Local\Programs\cursor\resources\app\bin;C:\Program Files\PowerShell\7\;C:\Program Files\Cloudflare\Cloudflare WARP\;C:\Program Files\NVIDIA Corporation\NVIDIA app\NvDLISR;C:\Users\jason\AppData\Local\Microsoft\WindowsApps;C:\Users\jason\AppData\Local\Programs\cursor\resources\app\bin;D:\Learning_And_Work\Tools\Windsurf\bin

Yarn version: 
  1.22.5

Node version: 
  22.14.0

Platform: 
  win32 x64

Trace: 
  Error: https://registry.yarnpkg.com/@typescript%2fts-go: Not found
      at params.callback [as _callback] (C:\Program Files (x86)\Yarn\lib\cli.js:66097:18)
      at self.callback (C:\Program Files (x86)\Yarn\lib\cli.js:140749:22)
      at Request.emit (node:events:518:28)
      at Request.<anonymous> (C:\Program Files (x86)\Yarn\lib\cli.js:141721:10)
      at Request.emit (node:events:518:28)
      at IncomingMessage.<anonymous> (C:\Program Files (x86)\Yarn\lib\cli.js:141643:12)
      at Object.onceWrapper (node:events:632:28)
      at IncomingMessage.emit (node:events:530:35)
      at endReadableNT (node:internal/streams/readable:1698:12)
      at process.processTicksAndRejections (node:internal/process/task_queues:90:21)

npm manifest: 
  {
    "name": "vocalearn-extension",
    "version": "1.0.0",
    "description": "Learn vocabulary while browsing with instant translations and definitions",
    "scripts": {
      "clean": "rimraf dist",
      "build": "npm run clean && ts-go --project tsconfig.json && webpack --config webpack.config.js",
      "dev": "npm run clean && concurrently \"ts-go --project tsconfig.json --watch\" \"webpack --config webpack.config.js --watch\"",
      "type-check": "ts-go --project tsconfig.json --noEmit",
      "lint": "eslint 'src/**/*.{ts,tsx}'",
      "test": "jest",
      "test:watch": "jest --watch",
      "test:coverage": "jest --coverage",
      "test:e2e": "jest --config jest.e2e.config.js",
      "pack:chrome": "node scripts/pack-extension.js chrome",
      "pack:firefox": "node scripts/pack-extension.js firefox",
      "pack:edge": "node scripts/pack-extension.js edge"
    },
    "dependencies": {
      "react": "^18.2.0",
      "react-dom": "^18.2.0"
    },
    "devDependencies": {
      "@types/chrome": "^0.0.246",
      "@types/jest": "^29.5.5",
      "@types/node": "^20.8.2",
      "@types/react": "^18.2.25",
      "@types/react-dom": "^18.2.10",
      "@typescript-eslint/eslint-plugin": "^6.7.4",
      "@typescript-eslint/parser": "^6.7.4",
      "concurrently": "^8.2.1",
      "copy-webpack-plugin": "^11.0.0",
      "css-loader": "^6.8.1",
      "style-loader": "^3.3.3",
      "eslint": "^8.50.0",
      "jest": "^29.7.0",
      "jest-environment-jsdom": "^29.7.0",
      "jest-fetch-mock": "^3.0.3",
      "puppeteer": "^21.3.6",
      "rimraf": "^5.0.5",
      "ts-jest": "^29.1.1",
      "ts-loader": "^9.4.4",
      "typescript": "^5.2.2",
      "@typescript/ts-go": "^0.1.0",
      "web-ext": "^7.8.0",
      "webpack": "^5.88.2",
      "webpack-cli": "^5.1.4"
    }
  }

yarn manifest: 
  No manifest

Lockfile: 
  No lockfile
